[32m[2023-10-23T15:56:06.009] [INFO] rtsp - [39m/index.html
[32m[2023-10-23T15:56:06.304] [INFO] rtsp - [39m/jsmpeg.min.js
[32m[2023-10-23T15:56:06.732] [INFO] rtsp - [39m/EasyPlayer-element.min.js
[32m[2023-10-23T15:56:08.819] [INFO] rtsp - [39m/EasyPlayer.wasm
[32m[2023-10-23T15:56:09.300] [INFO] rtsp - [39m{
  chs: [
    {
      name: '第一支',
      ch: '00000001',
      url: '/cgi-bin/net_video.cgi?hq=0',
      width: 640,
      height: 480,
      wsPort: 16114
    }
  ]
}
[32m[2023-10-23T15:56:09.395] [INFO] rtsp - [39m/EasyPlayer.wasm
[32m[2023-10-23T15:56:10.088] [INFO] rtsp - [39m/favicon.ico
[32m[2023-10-23T15:56:16.974] [INFO] rtsp - [39m16114
[32m[2023-10-23T15:59:03.991] [INFO] rtsp - [39mError: kill ESRCH
    at process.kill (internal/process/per_thread.js:189:13)
    at Socket.<anonymous> (D:\untitled9\rtsp.js:108:29)
    at Socket.emit (events.js:210:5)
    at Socket.emitReserved (D:\untitled9\node_modules\socket.io\dist\typed-events.js:56:22)
    at Socket._onclose (D:\untitled9\node_modules\socket.io\dist\socket.js:561:14)
    at Client.onclose (D:\untitled9\node_modules\socket.io\dist\client.js:247:20)
    at Socket.emit (events.js:215:7)
    at Socket.onClose (D:\untitled9\node_modules\engine.io\build\socket.js:310:18)
    at Object.onceWrapper (events.js:299:28)
    at WebSocket.emit (events.js:210:5) {
  errno: 'ESRCH',
  code: 'ESRCH',
  syscall: 'kill'
}
