2023-10-23 15:55:35 - Starting D:\nodejs\node.exe  --harmony D:\居樂\node_modules\node-windows\lib\wrapper.js --file D:\untitled9\rtsp.js --scriptoptions= --log "localrtsp wrapper" --grow 0.25 --wait 1 --maxrestarts 3 --abortonerror n --stopparentfirst undefined
2023-10-23 15:55:35 - Started 4376
2023-10-23 16:50:50 - Stopping localrtsp.exe
2023-10-23 16:50:50 - ProcessKill 4376
2023-10-23 16:50:58 - Found child process: 15616 Name: conhost.exe
2023-10-23 16:50:58 - Found child process: 18652 Name: node.exe
2023-10-23 16:50:58 - Stopping process 15616
2023-10-23 16:50:59 - Send SIGINT 15616
2023-10-23 16:51:00 - SIGINT to 15616 failed - Killing as fallback
2023-10-23 16:51:00 - Stopping process 18652
2023-10-23 16:51:00 - Send SIGINT 18652
2023-10-23 16:51:00 - SIGINT to 18652 failed - Killing as fallback
2023-10-23 16:51:00 - Stopping process 4376
2023-10-23 16:51:00 - Send SIGINT 4376
2023-10-23 16:51:00 - SIGINT to 4376 failed - Killing as fallback
2023-10-23 16:51:00 - Finished localrtsp.exe
2023-10-23 16:53:24 - Starting D:\nodejs\node.exe  --harmony D:\居樂\node_modules\node-windows\lib\wrapper.js --file D:\untitled9\rtsp.js --scriptoptions= --log "localrtsp wrapper" --grow 0.25 --wait 1 --maxrestarts 3 --abortonerror n --stopparentfirst undefined
2023-10-23 16:53:24 - Started 7872
2023-10-23 16:53:41 - Stopping localrtsp.exe
2023-10-23 16:53:41 - ProcessKill 7872
2023-10-23 16:53:41 - Found child process: 18308 Name: conhost.exe
2023-10-23 16:53:41 - Found child process: 20624 Name: node.exe
2023-10-23 16:53:41 - Stopping process 18308
2023-10-23 16:53:41 - Send SIGINT 18308
2023-10-23 16:53:41 - SIGINT to 18308 failed - Killing as fallback
2023-10-23 16:53:41 - Stopping process 20624
2023-10-23 16:53:41 - Send SIGINT 20624
2023-10-23 16:53:41 - SIGINT to 20624 failed - Killing as fallback
2023-10-23 16:53:41 - Stopping process 7872
2023-10-23 16:53:41 - Send SIGINT 7872
2023-10-23 16:53:41 - SIGINT to 7872 failed - Killing as fallback
2023-10-23 16:53:41 - Finished localrtsp.exe
2023-10-24 11:40:45 - Starting D:\nodejs\node.exe  --harmony D:\居樂\node_modules\node-windows\lib\wrapper.js --file D:\untitled9\rtsp.js --scriptoptions= --log "localrtsp wrapper" --grow 0.25 --wait 1 --maxrestarts 3 --abortonerror n --stopparentfirst undefined
2023-10-24 11:40:46 - Started 5620
